<?xml version="1.0" encoding="UTF-8" ?>
<testsuite tests="8" failures="0" name="AnimalTest" time="0.016" errors="0" skipped="0">
  <properties>
[...]
</properties>
  <testcase classname="AnimalTest" name="checkGetFamily_ShouldBeString[0]" time="0.005"/>
  <testcase classname="AnimalTest" name="checkGetFood[0]" time="0.001"/>
  <testcase classname="AnimalTest" name="checkGetFamily_ShouldBeString[1]" time="0"/>
  <testcase classname="AnimalTest" name="checkGetFood[1]" time="0.008"/>
  <testcase classname="AnimalTest" name="checkGetFamily_ShouldBeString[2]" time="0"/>
  <testcase classname="AnimalTest" name="checkGetFood[2]" time="0.001"/>
  <testcase classname="AnimalTest" name="checkGetFamily_ShouldBeString[3]" time="0"/>
  <testcase classname="AnimalTest" name="checkGetFood[3]" time="0.001"/>
</testsuite>